2016-11-30 15:43:15,596 [main] WARN  [org.apache.hadoop.mapreduce.JobSubmitter] - No job jar file set.  User classes may not be found. See Job or Job#setJar(String).
 2016-11-30 15:43:35,844 [main] WARN  [org.apache.hadoop.mapreduce.JobSubmitter] - No job jar file set.  User classes may not be found. See Job or Job#setJar(String).
 2016-11-30 15:45:37,555 [main] WARN  [org.apache.hadoop.mapreduce.JobSubmitter] - No job jar file set.  User classes may not be found. See Job or Job#setJar(String).
 2016-11-30 15:46:42,520 [main] WARN  [org.apache.hadoop.mapreduce.JobSubmitter] - No job jar file set.  User classes may not be found. See Job or Job#setJar(String).
 2016-11-30 15:47:11,340 [main] WARN  [org.apache.hadoop.mapreduce.JobSubmitter] - No job jar file set.  User classes may not be found. See Job or Job#setJar(String).
 2016-11-30 15:49:55,793 [main] WARN  [org.apache.hadoop.mapreduce.JobSubmitter] - No job jar file set.  User classes may not be found. See Job or Job#setJar(String).
 2016-11-30 15:51:24,422 [main] ERROR [org.apache.mahout.common.AbstractJob] - Unexpected hdfs://192.168.95.131:9000/user/mahout/input/canopy/cluster_rawdata.txt while processing Job-Specific Options:
 2016-11-30 16:01:00,726 [main] ERROR [org.apache.mahout.common.AbstractJob] - Unexpected hdfs://192.168.95.131:9000/user/mahout/input/canopy/cluster_rawdata.txt while processing Job-Specific Options:
 2016-11-30 16:01:38,015 [main] ERROR [org.apache.mahout.common.AbstractJob] - Unexpected -i while processing Job-Specific Options:
 2016-11-30 16:02:13,858 [main] WARN  [org.apache.hadoop.mapreduce.JobSubmitter] - No job jar file set.  User classes may not be found. See Job or Job#setJar(String).
 2016-11-30 18:07:34,073 [main] ERROR [org.apache.mahout.common.AbstractJob] - Unexpected hdfs://192.168.95.131:9000/user/mahout/input/canopy/cluster_rawdata.txt while processing Job-Specific Options:
 2016-11-30 18:09:34,063 [main] ERROR [org.apache.mahout.common.AbstractJob] - No input specified or -Dmapred.input.dir must be provided to specify input directory
 2016-11-30 18:09:56,737 [main] WARN  [org.apache.hadoop.mapreduce.JobSubmitter] - No job jar file set.  User classes may not be found. See Job or Job#setJar(String).
 2016-11-30 18:14:52,376 [main] ERROR [org.apache.mahout.utils.clustering.AbstractClusterWriter] - Dictionary entry missing for 0
 2016-11-30 18:14:52,377 [main] ERROR [org.apache.mahout.utils.clustering.AbstractClusterWriter] - Dictionary entry missing for 1
 2016-11-30 18:14:52,380 [main] ERROR [org.apache.mahout.utils.clustering.AbstractClusterWriter] - Dictionary entry missing for 1
 2016-11-30 18:14:52,380 [main] ERROR [org.apache.mahout.utils.clustering.AbstractClusterWriter] - Dictionary entry missing for 0
 2016-11-30 18:16:01,002 [main] ERROR [org.apache.mahout.utils.clustering.AbstractClusterWriter] - Dictionary entry missing for 0
 2016-11-30 18:16:01,003 [main] ERROR [org.apache.mahout.utils.clustering.AbstractClusterWriter] - Dictionary entry missing for 1
 2016-11-30 18:16:01,009 [main] ERROR [org.apache.mahout.utils.clustering.AbstractClusterWriter] - Dictionary entry missing for 1
 2016-11-30 18:16:01,009 [main] ERROR [org.apache.mahout.utils.clustering.AbstractClusterWriter] - Dictionary entry missing for 0
 2016-11-30 18:16:22,193 [main] ERROR [org.apache.mahout.utils.clustering.AbstractClusterWriter] - Dictionary entry missing for 0
 2016-11-30 18:16:22,193 [main] ERROR [org.apache.mahout.utils.clustering.AbstractClusterWriter] - Dictionary entry missing for 1
 2016-11-30 18:16:22,197 [main] ERROR [org.apache.mahout.utils.clustering.AbstractClusterWriter] - Dictionary entry missing for 1
 2016-11-30 18:16:22,197 [main] ERROR [org.apache.mahout.utils.clustering.AbstractClusterWriter] - Dictionary entry missing for 0
 2016-11-30 19:02:06,160 [main] ERROR [org.apache.mahout.common.AbstractJob] - Unexpected --seqFileDir while processing Job-Specific Options:
 2016-11-30 19:05:42,642 [main] ERROR [org.apache.mahout.common.AbstractJob] - Unexpected --seqFileDir while processing Job-Specific Options:
 2016-11-30 19:05:58,417 [main] ERROR [org.apache.mahout.common.AbstractJob] - Unexpected --seqFileDir while processing Job-Specific Options:
 2016-11-30 20:48:40,602 [main] ERROR [org.apache.mahout.common.AbstractJob] - Unexpected --seqFileDir while processing Job-Specific Options:
 2016-11-30 21:07:28,795 [main] WARN  [org.apache.hadoop.io.compress.zlib.ZlibFactory] - Failed to load/initialize native-zlib library
 